<?xml version="1.0" encoding="UTF-8"?>
<!-- Generated by org.testng.reporters.JUnitReportReporter -->
<testsuite hostname="MacBook-Pro-de-Emiliano.local" failures="0" tests="1" name="testRunner.exersiceRunner" time="10.486" errors="1" timestamp="2022-03-18T13:18:12 CST" skipped="0">
  <testcase classname="testRunner.exersiceRunner" name="runScenario" time="10.486">
    <error type="java.lang.NullPointerException">
      <![CDATA[java.lang.NullPointerException
at stepsDefinitions.exercisePage.the_user_should_be_able_to_find_all_products_containing_the_keyword_in_the_product_title_using_search_bar(exercisePage.java:36)
at ✽.The user should be able to find all products containing the keyword in the product title using search bar(file:///Users/emilianogonzalezbadillo/eclipse-workspace/ExersiceFour/src/test/resources/feature/featureFiles/automation.feature:9)
]]>
    </error>
  </testcase> <!-- runScenario -->
  <system-out/>
</testsuite> <!-- testRunner.exersiceRunner -->
