<?xml version="1.0" encoding="UTF-8"?>
<!-- Generated by org.testng.reporters.JUnitXMLReporter -->
<testsuite ignored="0" hostname="MacBook-Pro-de-Emiliano.local" failures="1" tests="1" name="Default test" time="10.709" errors="0" timestamp="2022-03-18T13:18:12 CST">
  <testcase classname="io.cucumber.testng.AbstractTestNGCucumberTests" name="runScenario" time="10.486">
    <failure type="java.lang.NullPointerException">
      <![CDATA[java.lang.NullPointerException
at stepsDefinitions.exercisePage.the_user_should_be_able_to_find_all_products_containing_the_keyword_in_the_product_title_using_search_bar(exercisePage.java:36)
at ✽.The user should be able to find all products containing the keyword in the product title using search bar(file:///Users/emilianogonzalezbadillo/eclipse-workspace/ExersiceFour/src/test/resources/feature/featureFiles/automation.feature:9)
]]>
    </failure>
  </testcase> <!-- runScenario -->
</testsuite> <!-- Default test -->
