<?xml version="1.0" encoding="UTF-8"?>
<testng-results ignored="0" total="1" passed="0" failed="1" skipped="0">
  <reporter-output>
  </reporter-output>
  <suite started-at="2022-03-18T13:18:01 CST" name="Default suite" finished-at="2022-03-18T13:18:12 CST" duration-ms="10709">
    <groups>
      <group name="cucumber">
        <method signature="AbstractTestNGCucumberTests.runScenario(io.cucumber.testng.PickleWrapper,io.cucumber.testng.FeatureWrapper)[pri:0, instance:testRunner.exersiceRunner@36916eb0]" name="runScenario" class="io.cucumber.testng.AbstractTestNGCucumberTests"/>
      </group> <!-- cucumber -->
    </groups>
    <test started-at="2022-03-18T13:18:01 CST" name="Default test" finished-at="2022-03-18T13:18:12 CST" duration-ms="10709">
      <class name="testRunner.exersiceRunner">
        <test-method is-config="true" signature="setUpClass(org.testng.ITestContext)[pri:0, instance:testRunner.exersiceRunner@36916eb0]" started-at="2022-03-18T13:18:01 CST" name="setUpClass" finished-at="2022-03-18T13:18:01 CST" duration-ms="182" status="PASS">
          <params>
            <param index="0">
              <value>
                <![CDATA[org.testng.TestRunner@895416d]]>
              </value>
            </param>
          </params>
          <reporter-output>
          </reporter-output>
        </test-method> <!-- setUpClass -->
        <test-method signature="runScenario(io.cucumber.testng.PickleWrapper,io.cucumber.testng.FeatureWrapper)[pri:0, instance:testRunner.exersiceRunner@36916eb0]" started-at="2022-03-18T13:18:01 CST" name="runScenario" description="Runs Cucumber Scenarios" data-provider="scenarios" finished-at="2022-03-18T13:18:12 CST" duration-ms="10486" status="FAIL">
          <params>
            <param index="0">
              <value>
                <![CDATA["Verify the function of the web site automation bro"]]>
              </value>
            </param>
            <param index="1">
              <value>
                <![CDATA["Optional[Automation]"]]>
              </value>
            </param>
          </params>
          <exception class="java.lang.NullPointerException">
            <full-stacktrace>
              <![CDATA[java.lang.NullPointerException
at stepsDefinitions.exercisePage.the_user_should_be_able_to_find_all_products_containing_the_keyword_in_the_product_title_using_search_bar(exercisePage.java:36)
at ✽.The user should be able to find all products containing the keyword in the product title using search bar(file:///Users/emilianogonzalezbadillo/eclipse-workspace/ExersiceFour/src/test/resources/feature/featureFiles/automation.feature:9)
]]>
            </full-stacktrace>
          </exception> <!-- java.lang.NullPointerException -->
          <reporter-output>
          </reporter-output>
        </test-method> <!-- runScenario -->
        <test-method is-config="true" signature="tearDownClass()[pri:0, instance:testRunner.exersiceRunner@36916eb0]" started-at="2022-03-18T13:18:12 CST" name="tearDownClass" finished-at="2022-03-18T13:18:12 CST" duration-ms="7" status="PASS">
          <reporter-output>
          </reporter-output>
        </test-method> <!-- tearDownClass -->
      </class> <!-- testRunner.exersiceRunner -->
    </test> <!-- Default test -->
  </suite> <!-- Default suite -->
</testng-results>
